<?xml version="1.0" encoding="UTF-8"?>
<!-- Generated by org.testng.reporters.JUnitReportReporter -->
<testsuite hostname="PC350015" name="Amend_MyAdmin.Amend_Credit_Card_MultiSupplier" tests="1" failures="0" timestamp="25 Jan 2018 10:25:57 GMT" time="182.366" errors="0">
  <testcase name="AmendCreditCardMultiSupplier" time="182.366" classname="Amend_MyAdmin.Amend_Credit_Card_MultiSupplier"/>
</testsuite> <!-- Amend_MyAdmin.Amend_Credit_Card_MultiSupplier -->
