<?xml version="1.0" encoding="UTF-8"?>
<!-- Generated by org.testng.reporters.JUnitReportReporter -->
<testsuite hostname="PC350015" name="Booking_MyAdmin.Book_Prepay" tests="1" failures="0" timestamp="12 Jan 2018 12:31:52 GMT" time="78.221" errors="0">
  <testcase name="BookPrepay" time="78.221" classname="Booking_MyAdmin.Book_Prepay"/>
</testsuite> <!-- Booking_MyAdmin.Book_Prepay -->
