<?xml version="1.0" encoding="UTF-8"?>
<!-- Generated by org.testng.reporters.JUnitReportReporter -->
<testsuite hostname="PC350015" name="Booking_MyAdmin.Prepay_Book_Single_Pax_Same_First_Last_Name" tests="1" failures="0" timestamp="25 Jan 2018 08:49:07 GMT" time="99.359" errors="0">
  <testcase name="BookPrepaySameFirstLastName" time="99.359" classname="Booking_MyAdmin.Prepay_Book_Single_Pax_Same_First_Last_Name"/>
</testsuite> <!-- Booking_MyAdmin.Prepay_Book_Single_Pax_Same_First_Last_Name -->
