<?xml version="1.0" encoding="UTF-8"?>
<!-- Generated by org.testng.reporters.JUnitReportReporter -->
<testsuite hostname="PC350015" name="Amend_MyAdmin.Amend_Prepay_MultiSupplier" tests="1" failures="0" timestamp="25 Jan 2018 11:46:32 GMT" time="210.671" errors="0">
  <testcase name="AmendPrepayMultiSupplier" time="210.671" classname="Amend_MyAdmin.Amend_Prepay_MultiSupplier"/>
</testsuite> <!-- Amend_MyAdmin.Amend_Prepay_MultiSupplier -->
