<?xml version="1.0" encoding="UTF-8"?>
<!-- Generated by org.testng.reporters.JUnitReportReporter -->
<testsuite hostname="PC350015" name="Cancel_MyAdmin.Cancel_Prepay" tests="1" failures="0" timestamp="17 Jan 2018 06:07:17 GMT" time="85.662" errors="0">
  <testcase name="CancelPrepay" time="85.662" classname="Cancel_MyAdmin.Cancel_Prepay"/>
</testsuite> <!-- Cancel_MyAdmin.Cancel_Prepay -->
