<?xml version="1.0" encoding="UTF-8"?>
<!-- Generated by org.testng.reporters.JUnitReportReporter -->
<testsuite hostname="PC350015" name="SaveItenary_MyAdmin.Save_Prepay_Within_Deadline" tests="1" failures="0" timestamp="24 Jan 2018 12:47:15 GMT" time="86.270" errors="0">
  <testcase name="SavePrepayWithinDeadLine" time="86.270" classname="SaveItenary_MyAdmin.Save_Prepay_Within_Deadline"/>
</testsuite> <!-- SaveItenary_MyAdmin.Save_Prepay_Within_Deadline -->
