<?xml version="1.0" encoding="UTF-8"?>
<!-- Generated by org.testng.reporters.JUnitReportReporter -->
<testsuite hostname="PC350015" name="SaveItenary_MyAdmin.Save_Credit_Card" tests="1" failures="0" timestamp="19 Jan 2018 13:03:43 GMT" time="84.665" errors="0">
  <testcase name="SaveCreditCard" time="84.665" classname="SaveItenary_MyAdmin.Save_Credit_Card"/>
</testsuite> <!-- SaveItenary_MyAdmin.Save_Credit_Card -->
