<?xml version="1.0" encoding="UTF-8"?>
<!-- Generated by org.testng.reporters.JUnitReportReporter -->
<testsuite hostname="PC350015" name="Booking_MyAdmin.Credit_Card_Book_Single_Pax_Same_First_Last_Name" tests="1" failures="0" timestamp="25 Jan 2018 06:20:40 GMT" time="93.510" errors="0">
  <testcase name="BookCreditCardSameFirstLastName" time="93.510" classname="Booking_MyAdmin.Credit_Card_Book_Single_Pax_Same_First_Last_Name"/>
</testsuite> <!-- Booking_MyAdmin.Credit_Card_Book_Single_Pax_Same_First_Last_Name -->
