<?xml version="1.0" encoding="UTF-8"?>
<!-- Generated by org.testng.reporters.JUnitReportReporter -->
<testsuite hostname="PC350015" name="Booking_MyAdmin.Credit_Book_Single_Pax_Same_First_Last_Name" tests="1" failures="0" timestamp="25 Jan 2018 06:02:02 GMT" time="82.339" errors="0">
  <testcase name="BookCreditSameFirstLastName" time="82.339" classname="Booking_MyAdmin.Credit_Book_Single_Pax_Same_First_Last_Name"/>
</testsuite> <!-- Booking_MyAdmin.Credit_Book_Single_Pax_Same_First_Last_Name -->
