<?xml version="1.0" encoding="UTF-8"?>
<!-- Generated by org.testng.reporters.JUnitReportReporter -->
<testsuite hostname="PC350015" name="Booking_MyAdmin.Credit_Card_MultiRoom_Book_Within_DeadLine_Flag_Set" tests="1" failures="0" timestamp="25 Jan 2018 06:42:02 GMT" time="85.276" errors="0">
  <testcase name="BookCreditCardMultiRoomwithinDeadlineFlagset" time="85.276" classname="Booking_MyAdmin.Credit_Card_MultiRoom_Book_Within_DeadLine_Flag_Set"/>
</testsuite> <!-- Booking_MyAdmin.Credit_Card_MultiRoom_Book_Within_DeadLine_Flag_Set -->
