<?xml version="1.0" encoding="UTF-8"?>
<!-- Generated by org.testng.reporters.JUnitReportReporter -->
<testsuite hostname="PC350015" name="Search_MyAdmin.Search_Prepay_Within_Deadline" tests="1" failures="0" timestamp="17 Jan 2018 13:18:28 GMT" time="55.785" errors="0">
  <testcase name="SearchPrepayWithinDeadline" time="55.785" classname="Search_MyAdmin.Search_Prepay_Within_Deadline"/>
</testsuite> <!-- Search_MyAdmin.Search_Prepay_Within_Deadline -->
