<?xml version="1.0" encoding="UTF-8"?>
<!-- Generated by org.testng.reporters.JUnitReportReporter -->
<testsuite hostname="PC350015" name="Cancel_MyAdmin.Cancel_Credit" tests="1" failures="0" timestamp="16 Jan 2018 06:39:23 GMT" time="86.086" errors="0">
  <testcase name="CancelCredit" time="86.086" classname="Cancel_MyAdmin.Cancel_Credit"/>
</testsuite> <!-- Cancel_MyAdmin.Cancel_Credit -->
