<?xml version="1.0" encoding="UTF-8"?>
<!-- Generated by org.testng.reporters.JUnitReportReporter -->
<testsuite hostname="PC350015" name="Amend_MyAdmin.Amend_Credit_MultiSupplier" tests="1" failures="0" timestamp="25 Jan 2018 10:40:25 GMT" time="177.701" errors="0">
  <testcase name="AmendCreditMultiSupplier" time="177.701" classname="Amend_MyAdmin.Amend_Credit_MultiSupplier"/>
</testsuite> <!-- Amend_MyAdmin.Amend_Credit_MultiSupplier -->
