<?xml version="1.0" encoding="UTF-8"?>
<!-- Generated by org.testng.reporters.JUnitReportReporter -->
<testsuite hostname="PC350015" name="Booking_MyAdmin.Book_Credit" tests="1" failures="0" timestamp="24 Jan 2018 13:17:11 GMT" time="104.427" errors="0">
  <testcase name="BookCredit" time="104.427" classname="Booking_MyAdmin.Book_Credit"/>
</testsuite> <!-- Booking_MyAdmin.Book_Credit -->
