<?xml version="1.0" encoding="UTF-8"?>
<!-- Generated by org.testng.reporters.JUnitReportReporter -->
<testsuite hostname="PC350015" name="Booking_MyAdmin.Book_Prepay" tests="1" failures="0" timestamp="25 Jan 2018 05:57:36 GMT" time="82.047" errors="0">
  <testcase name="BookPrepay" time="82.047" classname="Booking_MyAdmin.Book_Prepay"/>
</testsuite> <!-- Booking_MyAdmin.Book_Prepay -->
