<?xml version="1.0" encoding="UTF-8"?>
<!-- Generated by org.testng.reporters.JUnitReportReporter -->
<testsuite hostname="PC350015" name="SaveItenary_MyAdmin.Save_Prepay_MultiSupplier" tests="1" failures="0" timestamp="19 Jan 2018 13:22:46 GMT" time="125.041" errors="0">
  <testcase name="SavePrepayMultiSupplier" time="125.041" classname="SaveItenary_MyAdmin.Save_Prepay_MultiSupplier"/>
</testsuite> <!-- SaveItenary_MyAdmin.Save_Prepay_MultiSupplier -->
