<?xml version="1.0" encoding="UTF-8"?>
<!-- Generated by org.testng.reporters.JUnitReportReporter -->
<testsuite hostname="PC350015" name="Booking_MyAdmin.Credit_Card_Book_Two_Pax_Same_First_Last_Name" tests="1" failures="0" timestamp="25 Jan 2018 06:23:40 GMT" time="96.914" errors="0">
  <testcase name="BookCreditCardSameFirstLastNameTwoPax" time="96.914" classname="Booking_MyAdmin.Credit_Card_Book_Two_Pax_Same_First_Last_Name"/>
</testsuite> <!-- Booking_MyAdmin.Credit_Card_Book_Two_Pax_Same_First_Last_Name -->
