<?xml version="1.0" encoding="UTF-8"?>
<!-- Generated by org.testng.reporters.JUnitReportReporter -->
<testsuite hostname="PC350015" name="SaveItenary_MyAdmin.Save_Prepay" tests="1" failures="0" timestamp="19 Jan 2018 12:33:31 GMT" time="107.574" errors="0">
  <testcase name="SavePrepay" time="107.574" classname="SaveItenary_MyAdmin.Save_Prepay"/>
</testsuite> <!-- SaveItenary_MyAdmin.Save_Prepay -->
