<?xml version="1.0" encoding="UTF-8"?>
<!-- Generated by org.testng.reporters.JUnitReportReporter -->
<testsuite hostname="PC350015" name="SaveItenary_MyAdmin.Save_Credit_MultiSupplier" tests="1" failures="0" timestamp="24 Jan 2018 12:28:16 GMT" time="138.027" errors="0">
  <testcase name="SaveCreditMultiSupplier" time="138.027" classname="SaveItenary_MyAdmin.Save_Credit_MultiSupplier"/>
</testsuite> <!-- SaveItenary_MyAdmin.Save_Credit_MultiSupplier -->
