<?xml version="1.0" encoding="UTF-8"?>
<!-- Generated by org.testng.reporters.JUnitReportReporter -->
<testsuite hostname="PC350015" name="Search_MyAdmin.Search_Credit" tests="1" failures="0" timestamp="17 Jan 2018 12:49:37 GMT" time="52.545" errors="0">
  <testcase name="SearchCredit" time="52.545" classname="Search_MyAdmin.Search_Credit"/>
</testsuite> <!-- Search_MyAdmin.Search_Credit -->
