<?xml version="1.0" encoding="UTF-8"?>
<!-- Generated by org.testng.reporters.JUnitReportReporter -->
<testsuite hostname="PC350015" name="Amend_MyAdmin.Amend_Credit_Card_Within_DeadLine" tests="1" failures="0" timestamp="5 Jan 2018 06:21:14 GMT" time="130.509" errors="0">
  <testcase name="AmendCreditCardWithinDeadLine" time="130.509" classname="Amend_MyAdmin.Amend_Credit_Card_Within_DeadLine"/>
</testsuite> <!-- Amend_MyAdmin.Amend_Credit_Card_Within_DeadLine -->
