<?xml version="1.0" encoding="UTF-8"?>
<!-- Generated by org.testng.reporters.JUnitReportReporter -->
<testsuite hostname="PC350015" name="SaveItenary_MyAdmin.Save_Credit" tests="1" failures="0" timestamp="19 Jan 2018 12:51:10 GMT" time="113.192" errors="0">
  <testcase name="SaveCredit" time="113.192" classname="SaveItenary_MyAdmin.Save_Credit"/>
</testsuite> <!-- SaveItenary_MyAdmin.Save_Credit -->
