<?xml version="1.0" encoding="UTF-8"?>
<!-- Generated by org.testng.reporters.JUnitReportReporter -->
<testsuite hostname="PC350015" name="Amend_MyAdmin.Amend_Credit_Card" tests="1" failures="0" timestamp="25 Jan 2018 09:54:48 GMT" time="126.955" errors="0">
  <testcase name="AmendCreditCard" time="126.955" classname="Amend_MyAdmin.Amend_Credit_Card"/>
</testsuite> <!-- Amend_MyAdmin.Amend_Credit_Card -->
