<?xml version="1.0" encoding="UTF-8"?>
<!-- Generated by org.testng.reporters.JUnitReportReporter -->
<testsuite hostname="PC350015" name="Booking_MyAdmin.Book_Prepay_MultiSupplier" tests="1" failures="0" timestamp="25 Jan 2018 05:47:05 GMT" time="155.191" errors="0">
  <testcase name="BookPrepayMultiSupplier" time="155.191" classname="Booking_MyAdmin.Book_Prepay_MultiSupplier"/>
</testsuite> <!-- Booking_MyAdmin.Book_Prepay_MultiSupplier -->
