<?xml version="1.0" encoding="UTF-8"?>
<!-- Generated by org.testng.reporters.JUnitReportReporter -->
<testsuite hostname="PC350015" name="Amend_MyAdmin.Amend_PrePay" tests="1" failures="0" timestamp="25 Jan 2018 09:17:31 GMT" time="112.500" errors="0">
  <testcase name="AmendPrepay" time="112.500" classname="Amend_MyAdmin.Amend_PrePay"/>
</testsuite> <!-- Amend_MyAdmin.Amend_PrePay -->
