<?xml version="1.0" encoding="UTF-8"?>
<!-- Generated by org.testng.reporters.JUnitReportReporter -->
<testsuite hostname="PC350015" name="Search_MyAdmin.Search_Prepay" tests="1" failures="0" timestamp="19 Jan 2018 10:16:08 GMT" time="75.577" errors="0">
  <testcase name="SearchPrepay" time="75.577" classname="Search_MyAdmin.Search_Prepay"/>
</testsuite> <!-- Search_MyAdmin.Search_Prepay -->
