<?xml version="1.0" encoding="UTF-8"?>
<!-- Generated by org.testng.reporters.JUnitReportReporter -->
<testsuite hostname="PC350015" name="Cancel_MyAdmin.Cancel_Credit" tests="1" failures="0" timestamp="19 Jan 2018 10:16:08 GMT" time="112.371" errors="0">
  <testcase name="CancelCredit" time="112.371" classname="Cancel_MyAdmin.Cancel_Credit"/>
</testsuite> <!-- Cancel_MyAdmin.Cancel_Credit -->
