<?xml version="1.0" encoding="UTF-8"?>
<!-- Generated by org.testng.reporters.JUnitReportReporter -->
<testsuite hostname="PC350015" name="Cancel_MyAdmin.Cancel_PrePay_Within_DeadLine" tests="1" failures="0" timestamp="17 Jan 2018 10:10:23 GMT" time="92.218" errors="0">
  <testcase name="CancelPrepayWithinDeadLine" time="92.218" classname="Cancel_MyAdmin.Cancel_PrePay_Within_DeadLine"/>
</testsuite> <!-- Cancel_MyAdmin.Cancel_PrePay_Within_DeadLine -->
